500
0
1
eji-a 254
1
2
a-b 269
ejj-b 166
2
1
b-c 136
3
2
c-d 235
ejj-d 45
4
1
d-e 167
5
2
e-f 122
ejj-f 303
6
1
f-g 231
7
2
g-h 244
ejj-h 176
8
1
h-i 180
9
2
i-j 121
ejj-j 323
10
1
j-ba 1
11
2
ba-bb 193
ejj-bb 71
12
1
bb-bc 292
13
2
bc-bd 86
ejj-bd 69
14
1
bd-be 202
15
2
be-bf 53
ejj-bf 322
16
1
bf-bg 308
17
2
bg-bh 151
ejj-bh 163
18
1
bh-bi 129
19
2
bi-bj 190
ejj-bj 256
20
1
bj-ca 38
21
2
ca-cb 295
ejj-cb 271
22
1
cb-cc 255
23
2
cc-cd 35
ejj-cd 280
24
1
cd-ce 96
25
2
ce-cf 235
ejj-cf 183
26
1
cf-cg 135
27
2
cg-ch 130
ejj-ch 230
28
1
ch-ci 192
29
2
ci-cj 28
ejj-cj 178
30
1
cj-da 301
31
2
da-db 296
ejj-db 120
32
1
db-dc 234
33
2
dc-dd 251
ejj-dd 78
34
1
dd-de 261
35
2
de-df 319
ejj-df 287
36
1
df-dg 167
37
2
dg-dh 216
ejj-dh 331
38
1
dh-di 222
39
2
di-dj 267
ejj-dj 183
40
1
dj-ea 15
41
2
ea-eb 292
ejj-eb 26
42
1
eb-ec 47
43
2
ec-ed 247
ejj-ed 218
44
1
ed-ee 289
45
2
ee-ef 33
ejj-ef 137
46
1
ef-eg 128
47
2
eg-eh 159
ejj-eh 68
48
1
eh-ei 293
49
2
ei-ej 116
ejj-ej 217
50
1
ej-fa 112
51
2
fa-fb 43
ejj-fb 146
52
1
fb-fc 196
53
2
fc-fd 185
ejj-fd 193
54
1
fd-fe 213
55
2
fe-ff 71
ejj-ff 80
56
1
ff-fg 278
57
2
fg-fh 70
ejj-fh 332
58
1
fh-fi 109
59
2
fi-fj 39
ejj-fj 184
60
1
fj-ga 16
61
2
ga-gb 247
ejj-gb 162
62
1
gb-gc 99
63
2
gc-gd 84
ejj-gd 262
64
1
gd-ge 208
65
2
ge-gf 58
ejj-gf 188
66
1
gf-gg 25
67
2
gg-gh 16
ejj-gh 237
68
1
gh-gi 4
69
2
gi-gj 131
ejj-gj 247
70
1
gj-ha 118
71
2
ha-hb 54
ejj-hb 72
72
1
hb-hc 260
73
2
hc-hd 213
ejj-hd 332
74
1
hd-he 250
75
2
he-hf 156
ejj-hf 6
76
1
hf-hg 137
77
2
hg-hh 176
ejj-hh 30
78
1
hh-hi 38
79
2
hi-hj 109
ejj-hj 72
80
1
hj-ia 227
81
2
ia-ib 294
ejj-ib 149
82
1
ib-ic 120
83
2
ic-id 273
ejj-id 188
84
1
id-ie 34
85
2
ie-if 106
ejj-if 131
86
1
if-ig 76
87
2
ig-ih 107
ejj-ih 226
88
1
ih-ii 293
89
2
ii-ij 278
ejj-ij 200
90
1
ij-ja 139
91
2
ja-jb 177
ejj-jb 292
92
1
jb-jc 109
93
2
jc-jd 138
ejj-jd 103
94
1
jd-je 184
95
2
je-jf 180
ejj-jf 316
96
1
jf-jg 156
97
2
jg-jh 223
ejj-jh 219
98
1
jh-ji 314
99
2
ji-jj 94
ejj-jj 137
100
1
jj-baa 312
101
2
baa-bab 234
ejj-bab 36
102
1
bab-bac 239
103
2
bac-bad 323
ejj-bad 111
104
1
bad-bae 206
105
2
bae-baf 229
ejj-baf 274
106
1
baf-bag 289
107
2
bag-bah 195
ejj-bah 164
108
1
bah-bai 299
109
2
bai-baj 150
ejj-baj 86
110
1
baj-bba 48
111
2
bba-bbb 106
ejj-bbb 304
112
1
bbb-bbc 224
113
2
bbc-bbd 197
ejj-bbd 39
114
1
bbd-bbe 87
115
2
bbe-bbf 185
ejj-bbf 167
116
1
bbf-bbg 144
117
2
bbg-bbh 263
ejj-bbh 222
118
1
bbh-bbi 60
119
2
bbi-bbj 44
ejj-bbj 215
120
1
bbj-bca 98
121
2
bca-bcb 166
ejj-bcb 93
122
1
bcb-bcc 113
123
2
bcc-bcd 238
ejj-bcd 197
124
1
bcd-bce 273
125
2
bce-bcf 206
ejj-bcf 43
126
1
bcf-bcg 93
127
2
bcg-bch 32
ejj-bch 95
128
1
bch-bci 191
129
2
bci-bcj 186
ejj-bcj 126
130
1
bcj-bda 136
131
2
bda-bdb 119
ejj-bdb 111
132
1
bdb-bdc 242
133
2
bdc-bdd 240
ejj-bdd 271
134
1
bdd-bde 214
135
2
bde-bdf 17
ejj-bdf 178
136
1
bdf-bdg 249
137
2
bdg-bdh 149
ejj-bdh 161
138
1
bdh-bdi 136
139
2
bdi-bdj 47
ejj-bdj 206
140
1
bdj-bea 98
141
2
bea-beb 330
ejj-beb 74
142
1
beb-bec 267
143
2
bec-bed 272
ejj-bed 41
144
1
bed-bee 27
145
2
bee-bef 15
ejj-bef 123
146
1
bef-beg 250
147
2
beg-beh 60
ejj-beh 155
148
1
beh-bei 73
149
2
bei-bej 315
ejj-bej 96
150
1
bej-bfa 138
151
2
bfa-bfb 160
ejj-bfb 12
152
1
bfb-bfc 122
153
2
bfc-bfd 173
ejj-bfd 300
154
1
bfd-bfe 224
155
2
bfe-bff 179
ejj-bff 224
156
1
bff-bfg 56
157
2
bfg-bfh 238
ejj-bfh 319
158
1
bfh-bfi 237
159
2
bfi-bfj 193
ejj-bfj 230
160
1
bfj-bga 12
161
2
bga-bgb 15
ejj-bgb 8
162
1
bgb-bgc 256
163
2
bgc-bgd 11
ejj-bgd 115
164
1
bgd-bge 210
165
2
bge-bgf 244
ejj-bgf 137
166
1
bgf-bgg 118
167
2
bgg-bgh 19
ejj-bgh 92
168
1
bgh-bgi 271
169
2
bgi-bgj 100
ejj-bgj 211
170
1
bgj-bha 110
171
2
bha-bhb 209
ejj-bhb 245
172
1
bhb-bhc 190
173
2
bhc-bhd 178
ejj-bhd 96
174
1
bhd-bhe 67
175
2
bhe-bhf 270
ejj-bhf 171
176
1
bhf-bhg 175
177
2
bhg-bhh 26
ejj-bhh 109
178
1
bhh-bhi 98
179
2
bhi-bhj 137
ejj-bhj 34
180
1
bhj-bia 13
181
2
bia-bib 200
ejj-bib 40
182
1
bib-bic 199
183
2
bic-bid 209
ejj-bid 281
184
1
bid-bie 246
185
2
bie-bif 168
ejj-bif 307
186
1
bif-big 252
187
2
big-bih 182
ejj-bih 233
188
1
bih-bii 102
189
2
bii-bij 128
ejj-bij 94
190
1
bij-bja 39
191
2
bja-bjb 25
ejj-bjb 254
192
1
bjb-bjc 97
193
2
bjc-bjd 325
ejj-bjd 4
194
1
bjd-bje 293
195
2
bje-bjf 196
ejj-bjf 147
196
1
bjf-bjg 264
197
2
bjg-bjh 258
ejj-bjh 256
198
1
bjh-bji 306
199
2
bji-bjj 110
ejj-bjj 159
200
1
bjj-caa 313
201
2
caa-cab 319
ejj-cab 293
202
1
cab-cac 61
203
2
cac-cad 145
ejj-cad 325
204
1
cad-cae 289
205
2
cae-caf 171
ejj-caf 239
206
1
caf-cag 185
207
2
cag-cah 23
ejj-cah 179
208
1
cah-cai 299
209
2
cai-caj 102
ejj-caj 16
210
1
caj-cba 331
211
2
cba-cbb 54
ejj-cbb 274
212
1
cbb-cbc 163
213
2
cbc-cbd 313
ejj-cbd 218
214
1
cbd-cbe 191
215
2
cbe-cbf 168
ejj-cbf 332
216
1
cbf-cbg 96
217
2
cbg-cbh 242
ejj-cbh 299
218
1
cbh-cbi 77
219
2
cbi-cbj 106
ejj-cbj 142
220
1
cbj-cca 241
221
2
cca-ccb 12
ejj-ccb 133
222
1
ccb-ccc 256
223
2
ccc-ccd 81
ejj-ccd 157
224
1
ccd-cce 275
225
2
cce-ccf 286
ejj-ccf 205
226
1
ccf-ccg 41
227
2
ccg-cch 128
ejj-cch 283
228
1
cch-cci 327
229
2
cci-ccj 297
ejj-ccj 87
230
1
ccj-cda 290
231
2
cda-cdb 272
ejj-cdb 69
232
1
cdb-cdc 2
233
2
cdc-cdd 78
ejj-cdd 213
234
1
cdd-cde 76
235
2
cde-cdf 167
ejj-cdf 82
236
1
cdf-cdg 186
237
2
cdg-cdh 83
ejj-cdh 266
238
1
cdh-cdi 81
239
2
cdi-cdj 286
ejj-cdj 132
240
1
cdj-cea 82
241
2
cea-ceb 30
ejj-ceb 195
242
1
ceb-cec 64
243
2
cec-ced 32
ejj-ced 125
244
1
ced-cee 9
245
2
cee-cef 174
ejj-cef 93
246
1
cef-ceg 254
247
2
ceg-ceh 99
ejj-ceh 173
248
1
ceh-cei 7
249
2
cei-cej 229
ejj-cej 302
250
1
cej-cfa 259
251
2
cfa-cfb 124
ejj-cfb 35
252
1
cfb-cfc 51
253
2
cfc-cfd 17
ejj-cfd 201
254
1
cfd-cfe 248
255
2
cfe-cff 10
ejj-cff 261
256
1
cff-cfg 18
257
2
cfg-cfh 78
ejj-cfh 152
258
1
cfh-cfi 114
259
2
cfi-cfj 102
ejj-cfj 171
260
1
cfj-cga 201
261
2
cga-cgb 295
ejj-cgb 216
262
1
cgb-cgc 150
263
2
cgc-cgd 253
ejj-cgd 273
264
1
cgd-cge 197
265
2
cge-cgf 207
ejj-cgf 16
266
1
cgf-cgg 52
267
2
cgg-cgh 268
ejj-cgh 33
268
1
cgh-cgi 325
269
2
cgi-cgj 22
ejj-cgj 266
270
1
cgj-cha 145
271
2
cha-chb 130
ejj-chb 278
272
1
chb-chc 157
273
2
chc-chd 137
ejj-chd 307
274
1
chd-che 100
275
2
che-chf 164
ejj-chf 272
276
1
chf-chg 109
277
2
chg-chh 57
ejj-chh 169
278
1
chh-chi 333
279
2
chi-chj 34
ejj-chj 321
280
1
chj-cia 35
281
2
cia-cib 231
ejj-cib 20
282
1
cib-cic 80
283
2
cic-cid 231
ejj-cid 323
284
1
cid-cie 99
285
2
cie-cif 42
ejj-cif 127
286
1
cif-cig 180
287
2
cig-cih 93
ejj-cih 329
288
1
cih-cii 310
289
2
cii-cij 256
ejj-cij 306
290
1
cij-cja 233
291
2
cja-cjb 102
ejj-cjb 53
292
1
cjb-cjc 263
293
2
cjc-cjd 276
ejj-cjd 91
294
1
cjd-cje 151
295
2
cje-cjf 209
ejj-cjf 57
296
1
cjf-cjg 40
297
2
cjg-cjh 277
ejj-cjh 273
298
1
cjh-cji 91
299
2
cji-cjj 99
ejj-cjj 90
300
1
cjj-daa 178
301
2
daa-dab 152
ejj-dab 177
302
1
dab-dac 324
303
2
dac-dad 330
ejj-dad 71
304
1
dad-dae 215
305
2
dae-daf 17
ejj-daf 153
306
1
daf-dag 21
307
2
dag-dah 14
ejj-dah 129
308
1
dah-dai 104
309
2
dai-daj 315
ejj-daj 326
310
1
daj-dba 224
311
2
dba-dbb 195
ejj-dbb 127
312
1
dbb-dbc 247
313
2
dbc-dbd 93
ejj-dbd 37
314
1
dbd-dbe 328
315
2
dbe-dbf 242
ejj-dbf 98
316
1
dbf-dbg 82
317
2
dbg-dbh 246
ejj-dbh 262
318
1
dbh-dbi 164
319
2
dbi-dbj 83
ejj-dbj 256
320
1
dbj-dca 251
321
2
dca-dcb 63
ejj-dcb 316
322
1
dcb-dcc 210
323
2
dcc-dcd 321
ejj-dcd 213
324
1
dcd-dce 311
325
2
dce-dcf 13
ejj-dcf 294
326
1
dcf-dcg 62
327
2
dcg-dch 147
ejj-dch 111
328
1
dch-dci 157
329
2
dci-dcj 329
ejj-dcj 72
330
1
dcj-dda 245
331
2
dda-ddb 278
ejj-ddb 192
332
1
ddb-ddc 174
333
2
ddc-ddd 163
ejj-ddd 231
334
1
ddd-dde 99
335
2
dde-ddf 187
ejj-ddf 206
336
1
ddf-ddg 225
337
2
ddg-ddh 208
ejj-ddh 36
338
1
ddh-ddi 300
339
2
ddi-ddj 258
ejj-ddj 140
340
1
ddj-dea 9
341
2
dea-deb 269
ejj-deb 202
342
1
deb-dec 319
343
2
dec-ded 114
ejj-ded 252
344
1
ded-dee 52
345
2
dee-def 333
ejj-def 249
346
1
def-deg 220
347
2
deg-deh 141
ejj-deh 255
348
1
deh-dei 178
349
2
dei-dej 72
ejj-dej 226
350
1
dej-dfa 240
351
2
dfa-dfb 260
ejj-dfb 308
352
1
dfb-dfc 288
353
2
dfc-dfd 333
ejj-dfd 233
354
1
dfd-dfe 6
355
2
dfe-dff 28
ejj-dff 289
356
1
dff-dfg 311
357
2
dfg-dfh 165
ejj-dfh 3
358
1
dfh-dfi 316
359
2
dfi-dfj 259
ejj-dfj 9
360
1
dfj-dga 207
361
2
dga-dgb 29
ejj-dgb 166
362
1
dgb-dgc 317
363
2
dgc-dgd 306
ejj-dgd 50
364
1
dgd-dge 219
365
2
dge-dgf 306
ejj-dgf 143
366
1
dgf-dgg 155
367
2
dgg-dgh 146
ejj-dgh 91
368
1
dgh-dgi 68
369
2
dgi-dgj 17
ejj-dgj 38
370
1
dgj-dha 112
371
2
dha-dhb 223
ejj-dhb 145
372
1
dhb-dhc 333
373
2
dhc-dhd 19
ejj-dhd 311
374
1
dhd-dhe 111
375
2
dhe-dhf 53
ejj-dhf 307
376
1
dhf-dhg 117
377
2
dhg-dhh 127
ejj-dhh 62
378
1
dhh-dhi 77
379
2
dhi-dhj 64
ejj-dhj 136
380
1
dhj-dia 274
381
2
dia-dib 58
ejj-dib 321
382
1
dib-dic 197
383
2
dic-did 247
ejj-did 111
384
1
did-die 20
385
2
die-dif 166
ejj-dif 83
386
1
dif-dig 298
387
2
dig-dih 275
ejj-dih 324
388
1
dih-dii 228
389
2
dii-dij 244
ejj-dij 238
390
1
dij-dja 263
391
2
dja-djb 229
ejj-djb 177
392
1
djb-djc 272
393
2
djc-djd 163
ejj-djd 16
394
1
djd-dje 92
395
2
dje-djf 178
ejj-djf 114
396
1
djf-djg 78
397
2
djg-djh 174
ejj-djh 258
398
1
djh-dji 283
399
2
dji-djj 14
ejj-djj 3
400
1
djj-eaa 272
401
2
eaa-eab 150
ejj-eab 324
402
1
eab-eac 187
403
2
eac-ead 263
ejj-ead 250
404
1
ead-eae 308
405
2
eae-eaf 170
ejj-eaf 117
406
1
eaf-eag 110
407
2
eag-eah 65
ejj-eah 278
408
1
eah-eai 175
409
2
eai-eaj 46
ejj-eaj 300
410
1
eaj-eba 98
411
2
eba-ebb 280
ejj-ebb 135
412
1
ebb-ebc 137
413
2
ebc-ebd 8
ejj-ebd 320
414
1
ebd-ebe 10
415
2
ebe-ebf 34
ejj-ebf 24
416
1
ebf-ebg 187
417
2
ebg-ebh 106
ejj-ebh 172
418
1
ebh-ebi 105
419
2
ebi-ebj 132
ejj-ebj 55
420
1
ebj-eca 284
421
2
eca-ecb 33
ejj-ecb 59
422
1
ecb-ecc 256
423
2
ecc-ecd 3
ejj-ecd 333
424
1
ecd-ece 6
425
2
ece-ecf 236
ejj-ecf 223
426
1
ecf-ecg 133
427
2
ecg-ech 10
ejj-ech 3
428
1
ech-eci 59
429
2
eci-ecj 245
ejj-ecj 104
430
1
ecj-eda 194
431
2
eda-edb 23
ejj-edb 108
432
1
edb-edc 235
433
2
edc-edd 274
ejj-edd 306
434
1
edd-ede 296
435
2
ede-edf 189
ejj-edf 169
436
1
edf-edg 15
437
2
edg-edh 279
ejj-edh 56
438
1
edh-edi 166
439
2
edi-edj 282
ejj-edj 323
440
1
edj-eea 284
441
2
eea-eeb 204
ejj-eeb 328
442
1
eeb-eec 283
443
2
eec-eed 248
ejj-eed 115
444
1
eed-eee 247
445
2
eee-eef 34
ejj-eef 108
446
1
eef-eeg 271
447
2
eeg-eeh 138
ejj-eeh 18
448
1
eeh-eei 141
449
2
eei-eej 281
ejj-eej 159
450
1
eej-efa 86
451
2
efa-efb 224
ejj-efb 67
452
1
efb-efc 253
453
2
efc-efd 149
ejj-efd 324
454
1
efd-efe 37
455
2
efe-eff 91
ejj-eff 27
456
1
eff-efg 323
457
2
efg-efh 118
ejj-efh 10
458
1
efh-efi 169
459
2
efi-efj 105
ejj-efj 327
460
1
efj-ega 78
461
2
ega-egb 29
ejj-egb 135
462
1
egb-egc 206
463
2
egc-egd 36
ejj-egd 234
464
1
egd-ege 16
465
2
ege-egf 268
ejj-egf 328
466
1
egf-egg 197
467
2
egg-egh 272
ejj-egh 33
468
1
egh-egi 81
469
2
egi-egj 229
ejj-egj 181
470
1
egj-eha 161
471
2
eha-ehb 292
ejj-ehb 274
472
1
ehb-ehc 116
473
2
ehc-ehd 13
ejj-ehd 15
474
1
ehd-ehe 63
475
2
ehe-ehf 242
ejj-ehf 59
476
1
ehf-ehg 234
477
2
ehg-ehh 35
ejj-ehh 42
478
1
ehh-ehi 309
479
2
ehi-ehj 153
ejj-ehj 147
480
1
ehj-eia 328
481
2
eia-eib 261
ejj-eib 191
482
1
eib-eic 57
483
2
eic-eid 263
ejj-eid 90
484
1
eid-eie 177
485
2
eie-eif 151
ejj-eif 78
486
1
eif-eig 164
487
2
eig-eih 322
ejj-eih 127
488
1
eih-eii 167
489
2
eii-eij 91
ejj-eij 190
490
1
eij-eja 155
491
2
eja-ejb 21
ejj-ejb 230
492
1
ejb-ejc 44
493
2
ejc-ejd 240
ejj-ejd 25
494
1
ejd-eje 140
495
2
eje-ejf 127
ejj-ejf 32
496
1
ejf-ejg 44
497
2
ejg-ejh 96
ejj-ejh 94
498
1
ejh-eji 277
499
250
a-ejj 232
c-ejj 69
e-ejj 40
g-ejj 32
i-ejj 32
ba-ejj 329
bc-ejj 35
be-ejj 232
bg-ejj 263
bi-ejj 131
ca-ejj 22
cc-ejj 250
ce-ejj 30
cg-ejj 205
ci-ejj 107
da-ejj 282
dc-ejj 154
de-ejj 13
dg-ejj 127
di-ejj 14
ea-ejj 176
ec-ejj 214
ee-ejj 285
eg-ejj 82
ei-ejj 90
fa-ejj 277
fc-ejj 261
fe-ejj 304
fg-ejj 234
fi-ejj 173
ga-ejj 111
gc-ejj 256
ge-ejj 262
gg-ejj 305
gi-ejj 235
ha-ejj 109
hc-ejj 179
he-ejj 298
hg-ejj 235
hi-ejj 103
ia-ejj 166
ic-ejj 298
ie-ejj 59
ig-ejj 245
ii-ejj 183
ja-ejj 82
jc-ejj 169
je-ejj 153
jg-ejj 7
ji-ejj 186
baa-ejj 133
bac-ejj 151
bae-ejj 295
bag-ejj 60
bai-ejj 12
bba-ejj 304
bbc-ejj 329
bbe-ejj 68
bbg-ejj 198
bbi-ejj 138
bca-ejj 158
bcc-ejj 286
bce-ejj 266
bcg-ejj 66
bci-ejj 82
bda-ejj 195
bdc-ejj 124
bde-ejj 14
bdg-ejj 226
bdi-ejj 117
bea-ejj 250
bec-ejj 214
bee-ejj 295
beg-ejj 79
bei-ejj 329
bfa-ejj 51
bfc-ejj 255
bfe-ejj 69
bfg-ejj 145
bfi-ejj 136
bga-ejj 83
bgc-ejj 275
bge-ejj 139
bgg-ejj 43
bgi-ejj 191
bha-ejj 101
bhc-ejj 83
bhe-ejj 71
bhg-ejj 29
bhi-ejj 156
bia-ejj 43
bic-ejj 19
bie-ejj 69
big-ejj 306
bii-ejj 36
bja-ejj 316
bjc-ejj 21
bje-ejj 241
bjg-ejj 325
bji-ejj 198
caa-ejj 73
cac-ejj 33
cae-ejj 57
cag-ejj 220
cai-ejj 298
cba-ejj 43
cbc-ejj 83
cbe-ejj 300
cbg-ejj 16
cbi-ejj 251
cca-ejj 333
ccc-ejj 172
cce-ejj 187
ccg-ejj 80
cci-ejj 147
cda-ejj 73
cdc-ejj 145
cde-ejj 322
cdg-ejj 70
cdi-ejj 64
cea-ejj 202
cec-ejj 196
cee-ejj 206
ceg-ejj 37
cei-ejj 229
cfa-ejj 110
cfc-ejj 306
cfe-ejj 57
cfg-ejj 128
cfi-ejj 224
cga-ejj 241
cgc-ejj 244
cge-ejj 126
cgg-ejj 41
cgi-ejj 42
cha-ejj 166
chc-ejj 8
che-ejj 14
chg-ejj 74
chi-ejj 20
cia-ejj 92
cic-ejj 296
cie-ejj 135
cig-ejj 255
cii-ejj 153
cja-ejj 64
cjc-ejj 307
cje-ejj 82
cjg-ejj 19
cji-ejj 177
daa-ejj 159
dac-ejj 33
dae-ejj 82
dag-ejj 11
dai-ejj 144
dba-ejj 167
dbc-ejj 144
dbe-ejj 194
dbg-ejj 49
dbi-ejj 312
dca-ejj 61
dcc-ejj 77
dce-ejj 103
dcg-ejj 244
dci-ejj 114
dda-ejj 29
ddc-ejj 141
dde-ejj 240
ddg-ejj 272
ddi-ejj 95
dea-ejj 231
dec-ejj 37
dee-ejj 137
deg-ejj 24
dei-ejj 289
dfa-ejj 132
dfc-ejj 51
dfe-ejj 206
dfg-ejj 177
dfi-ejj 7
dga-ejj 306
dgc-ejj 299
dge-ejj 124
dgg-ejj 118
dgi-ejj 275
dha-ejj 235
dhc-ejj 17
dhe-ejj 177
dhg-ejj 116
dhi-ejj 8
dia-ejj 160
dic-ejj 43
die-ejj 294
dig-ejj 7
dii-ejj 15
dja-ejj 307
djc-ejj 229
dje-ejj 136
djg-ejj 278
dji-ejj 124
eaa-ejj 332
eac-ejj 75
eae-ejj 145
eag-ejj 254
eai-ejj 49
eba-ejj 152
ebc-ejj 209
ebe-ejj 19
ebg-ejj 14
ebi-ejj 62
eca-ejj 112
ecc-ejj 206
ece-ejj 317
ecg-ejj 82
eci-ejj 238
eda-ejj 313
edc-ejj 84
ede-ejj 120
edg-ejj 178
edi-ejj 230
eea-ejj 333
eec-ejj 306
eee-ejj 103
eeg-ejj 66
eei-ejj 250
efa-ejj 87
efc-ejj 60
efe-ejj 81
efg-ejj 272
efi-ejj 137
ega-ejj 159
egc-ejj 68
ege-ejj 167
egg-ejj 284
egi-ejj 52
eha-ejj 34
ehc-ejj 97
ehe-ejj 237
ehg-ejj 203
ehi-ejj 73
eia-ejj 237
eic-ejj 180
eie-ejj 22
eig-ejj 60
eii-ejj 53
eja-ejj 227
ejc-ejj 119
eje-ejj 210
ejg-ejj 292
eji-ejj 109
